<?xml version="1.0" encoding="UTF-8"?>
<!-- Generated by org.testng.reporters.JUnitXMLReporter -->
<testsuite ignored="0" hostname="DESKTOP-0SRMFK8" failures="1" tests="1" name="TestCase4 for interview" time="24.0" errors="0" timestamp="2022-01-07T22:10:19 ACDT">
  <testcase classname="PlaintTest.TestCase4" name="planitAssessment4" time="22.968">
    <failure type="java.lang.AssertionError" message="expected [Funny Cow&amp;amp;^%$#@!] but found [Funny Cow]">
      <![CDATA[java.lang.AssertionError: expected [Funny Cow&^%$#@!] but found [Funny Cow]
at PlaintTest.TestCase4.planitAssessment4(TestCase4.java:45)
at java.base/java.util.ArrayList.forEach(ArrayList.java:1511)
at java.base/java.util.concurrent.FutureTask.run(FutureTask.java:264)
at java.base/java.util.concurrent.ThreadPoolExecutor.runWorker(ThreadPoolExecutor.java:1130)
at java.base/java.util.concurrent.ThreadPoolExecutor$Worker.run(ThreadPoolExecutor.java:630)
at java.base/java.lang.Thread.run(Thread.java:832)
... Removed 24 stack frames]]>
    </failure>
  </testcase> <!-- planitAssessment4 -->
</testsuite> <!-- TestCase4 for interview -->
