<?xml version="1.0" encoding="UTF-8"?>
<testng-results ignored="0" total="4" passed="3" failed="1" skipped="0">
  <reporter-output>
  </reporter-output>
  <suite started-at="2022-01-07T22:09:55 ACDT" name="Suite" finished-at="2022-01-07T22:10:31 ACDT" duration-ms="36126">
    <groups>
    </groups>
    <test started-at="2022-01-07T22:09:55 ACDT" name="TestCase3 for interview" finished-at="2022-01-07T22:10:19 ACDT" duration-ms="23592">
      <class name="PlaintTest.TestCase3">
        <test-method signature="planitAssessment3(java.lang.String,java.lang.String,java.lang.String)[pri:0, instance:PlaintTest.TestCase3@e3c0e40]" started-at="2022-01-07T22:09:55 ACDT" name="planitAssessment3" data-provider="getData2" finished-at="2022-01-07T22:10:19 ACDT" duration-ms="23553" status="PASS">
          <params>
            <param index="0">
              <value>
                <![CDATA[1234]]>
              </value>
            </param>
            <param index="1">
              <value>
                <![CDATA[farhad.inaus@gmail.]]>
              </value>
            </param>
            <param index="2">
              <value>
                <![CDATA[Invalid input]]>
              </value>
            </param>
          </params>
          <reporter-output>
          </reporter-output>
        </test-method> <!-- planitAssessment3 -->
      </class> <!-- PlaintTest.TestCase3 -->
    </test> <!-- TestCase3 for interview -->
    <test started-at="2022-01-07T22:09:55 ACDT" name="TestCase1 for interview" finished-at="2022-01-07T22:10:19 ACDT" duration-ms="24145">
      <class name="PlaintTest.TestCase1">
        <test-method signature="planitAssessment1()[pri:0, instance:PlaintTest.TestCase1@3576ddc2]" started-at="2022-01-07T22:09:55 ACDT" name="planitAssessment1" finished-at="2022-01-07T22:10:19 ACDT" duration-ms="24109" status="PASS">
          <reporter-output>
          </reporter-output>
        </test-method> <!-- planitAssessment1 -->
      </class> <!-- PlaintTest.TestCase1 -->
    </test> <!-- TestCase1 for interview -->
    <test started-at="2022-01-07T22:09:55 ACDT" name="TestCase4 for interview" finished-at="2022-01-07T22:10:19 ACDT" duration-ms="24000">
      <class name="PlaintTest.TestCase4">
        <test-method signature="planitAssessment4()[pri:0, instance:PlaintTest.TestCase4@352ff4da]" started-at="2022-01-07T22:09:55 ACDT" name="planitAssessment4" finished-at="2022-01-07T22:10:18 ACDT" duration-ms="22968" status="FAIL">
          <exception class="java.lang.AssertionError">
            <message>
              <![CDATA[expected [Funny Cow&^%$#@!] but found [Funny Cow]]]>
            </message>
            <full-stacktrace>
              <![CDATA[java.lang.AssertionError: expected [Funny Cow&^%$#@!] but found [Funny Cow]
at org.testng.Assert.fail(Assert.java:99)
at org.testng.Assert.failNotEquals(Assert.java:1037)
at org.testng.Assert.assertEqualsImpl(Assert.java:140)
at org.testng.Assert.assertEquals(Assert.java:122)
at org.testng.Assert.assertEquals(Assert.java:629)
at org.testng.Assert.assertEquals(Assert.java:639)
at PlaintTest.TestCase4.planitAssessment4(TestCase4.java:45)
at java.base/jdk.internal.reflect.NativeMethodAccessorImpl.invoke0(Native Method)
at java.base/jdk.internal.reflect.NativeMethodAccessorImpl.invoke(NativeMethodAccessorImpl.java:64)
at java.base/jdk.internal.reflect.DelegatingMethodAccessorImpl.invoke(DelegatingMethodAccessorImpl.java:43)
at java.base/java.lang.reflect.Method.invoke(Method.java:564)
at org.testng.internal.MethodInvocationHelper.invokeMethod(MethodInvocationHelper.java:133)
at org.testng.internal.TestInvoker.invokeMethod(TestInvoker.java:598)
at org.testng.internal.TestInvoker.invokeTestMethod(TestInvoker.java:173)
at org.testng.internal.MethodRunner.runInSequence(MethodRunner.java:46)
at org.testng.internal.TestInvoker$MethodInvocationAgent.invoke(TestInvoker.java:824)
at org.testng.internal.TestInvoker.invokeTestMethods(TestInvoker.java:146)
at org.testng.internal.TestMethodWorker.invokeTestMethods(TestMethodWorker.java:146)
at org.testng.internal.TestMethodWorker.run(TestMethodWorker.java:128)
at java.base/java.util.ArrayList.forEach(ArrayList.java:1511)
at org.testng.TestRunner.privateRun(TestRunner.java:794)
at org.testng.TestRunner.run(TestRunner.java:596)
at org.testng.SuiteRunner.runTest(SuiteRunner.java:377)
at org.testng.SuiteRunner.access$000(SuiteRunner.java:28)
at org.testng.SuiteRunner$SuiteWorker.run(SuiteRunner.java:418)
at org.testng.internal.thread.ThreadUtil.lambda$execute$0(ThreadUtil.java:64)
at java.base/java.util.concurrent.FutureTask.run(FutureTask.java:264)
at java.base/java.util.concurrent.ThreadPoolExecutor.runWorker(ThreadPoolExecutor.java:1130)
at java.base/java.util.concurrent.ThreadPoolExecutor$Worker.run(ThreadPoolExecutor.java:630)
at java.base/java.lang.Thread.run(Thread.java:832)
]]>
            </full-stacktrace>
          </exception> <!-- java.lang.AssertionError -->
          <reporter-output>
          </reporter-output>
        </test-method> <!-- planitAssessment4 -->
      </class> <!-- PlaintTest.TestCase4 -->
    </test> <!-- TestCase4 for interview -->
    <test started-at="2022-01-07T22:09:55 ACDT" name="TestCase2 for interview" finished-at="2022-01-07T22:10:31 ACDT" duration-ms="36125">
      <class name="PlaintTest.TestCase2">
        <test-method signature="planitAssessment2(java.lang.String,java.lang.String,java.lang.String)[pri:0, instance:PlaintTest.TestCase2@6736fa8d]" started-at="2022-01-07T22:09:55 ACDT" name="planitAssessment2" data-provider="getData" finished-at="2022-01-07T22:10:31 ACDT" duration-ms="36092" status="PASS">
          <params>
            <param index="0">
              <value>
                <![CDATA[Farhad]]>
              </value>
            </param>
            <param index="1">
              <value>
                <![CDATA[farhad.inaus@gmail.com]]>
              </value>
            </param>
            <param index="2">
              <value>
                <![CDATA[Valid input]]>
              </value>
            </param>
          </params>
          <reporter-output>
          </reporter-output>
        </test-method> <!-- planitAssessment2 -->
      </class> <!-- PlaintTest.TestCase2 -->
    </test> <!-- TestCase2 for interview -->
  </suite> <!-- Suite -->
</testng-results>
